#
# There is insufficient memory for the Java Runtime Environment to continue.
# Native memory allocation (mmap) failed to map 257949696 bytes for G1 virtual space
# Possible reasons:
#   The system is out of physical RAM or swap space
#   The process is running with CompressedOops enabled, and the Java Heap may be blocking the growth of the native heap
# Possible solutions:
#   Reduce memory load on the system
#   Increase physical memory or swap space
#   Check if swap backing store is full
#   Decrease Java heap size (-Xmx/-Xms)
#   Decrease number of Java threads
#   Decrease Java thread stack sizes (-Xss)
#   Set larger code cache with -XX:ReservedCodeCacheSize=
#   JVM is running with Zero Based Compressed Oops mode in which the Java heap is
#     placed in the first 32GB address space. The Java Heap base address is the
#     maximum limit for the native heap growth. Please use -XX:HeapBaseMinAddress
#     to set the Java Heap base and to place the Java Heap above 32GB virtual address.
# This output file may be truncated or incomplete.
#
#  Out of Memory Error (os_windows.cpp:3528), pid=12904, tid=27692
#
# JRE version:  (20.0.2+9) (build )
# Java VM: Java HotSpot(TM) 64-Bit Server VM (20.0.2+9-78, mixed mode, sharing, tiered, compressed oops, compressed class ptrs, g1 gc, windows-amd64)
# No core dump will be written. Minidumps are not enabled by default on client versions of Windows
#

---------------  S U M M A R Y ------------

Command Line: -Dfile.encoding=UTF-8 --module-path=C:\Users\Silentman\eclipse-workspace\sdaproj\bin;C:\Users\Silentman\Downloads\javafx-sdk-21.0.1\lib\javafx-swt.jar;C:\Users\Silentman\Downloads\javafx-sdk-21.0.1\lib\javafx.base.jar;C:\Users\Silentman\Downloads\javafx-sdk-21.0.1\lib\javafx.controls.jar;C:\Users\Silentman\Downloads\javafx-sdk-21.0.1\lib\javafx.fxml.jar;C:\Users\Silentman\Downloads\javafx-sdk-21.0.1\lib\javafx.graphics.jar;C:\Users\Silentman\Downloads\javafx-sdk-21.0.1\lib\javafx.media.jar;C:\Users\Silentman\Downloads\javafx-sdk-21.0.1\lib\javafx.swing.jar;C:\Users\Silentman\Downloads\javafx-sdk-21.0.1\lib\javafx.web.jar;C:\Users\Silentman\Desktop\desktop2\eclipse\plugins\org.eclipse.fx.ide.css.jfx8_3.10.0.202303150700.jar -XX:+ShowCodeDetailsInExceptionMessages -Djdk.module.main=sdaproj sdaproj/application.Main

Host: AMD Ryzen 5 4500U with Radeon Graphics         , 6 cores, 15G,  Windows 11 , 64 bit Build 22621 (10.0.22621.2506)
Time: Sun Dec  3 18:51:26 2023 Pakistan Standard Time elapsed time: 0.021479 seconds (0d 0h 0m 0s)

---------------  T H R E A D  ---------------

Current thread (0x0000026279cc9bd0):  JavaThread "Unknown thread" [_thread_in_vm, id=27692, stack(0x000000a127700000,0x000000a127800000)]

Stack: [0x000000a127700000,0x000000a127800000]
Native frames: (J=compiled Java code, j=interpreted, Vv=VM code, C=native code)
V  [jvm.dll+0x6bc25a]
V  [jvm.dll+0x84971a]
V  [jvm.dll+0x84b315]
V  [jvm.dll+0x84ba13]
V  [jvm.dll+0x280e4f]
V  [jvm.dll+0x6b8fe9]
V  [jvm.dll+0x6adbca]
V  [jvm.dll+0x35b165]
V  [jvm.dll+0x363386]
V  [jvm.dll+0x3b400e]
V  [jvm.dll+0x3b4295]
V  [jvm.dll+0x32b86a]
V  [jvm.dll+0x32c68b]
V  [jvm.dll+0x8123df]
V  [jvm.dll+0x3c1261]
V  [jvm.dll+0x7fe103]
V  [jvm.dll+0x44ccaf]
V  [jvm.dll+0x44e621]
C  [jli.dll+0x5287]
C  [ucrtbase.dll+0x29363]
C  [KERNEL32.DLL+0x1257d]
C  [ntdll.dll+0x5aa58]


---------------  P R O C E S S  ---------------

Threads class SMR info:
_java_thread_list=0x00007fffee9ab118, length=0, elements={
}

Java Threads: ( => current thread )

Other Threads:
  0x0000026279d37e40 WorkerThread "GC Thread#0" [stack: 0x000000a127800000,0x000000a127900000] [id=5692]
  0x0000026279d48350 ConcurrentGCThread "G1 Main Marker" [stack: 0x000000a127900000,0x000000a127a00000] [id=7592]
  0x0000026279d496c0 WorkerThread "G1 Conc#0" [stack: 0x000000a127a00000,0x000000a127b00000] [id=27168]

[error occurred during error reporting (printing all threads), id 0xc0000005, EXCEPTION_ACCESS_VIOLATION (0xc0000005) at pc=0x00007fffee18eea7]
VM state: not at safepoint (not fully initialized)

VM Mutex/Monitor currently owned by a thread:  ([mutex/lock_event])
[0x0000026279cc6000] Heap_lock - owner thread: 0x0000026279cc9bd0

Heap address: 0x000000070a000000, size: 3936 MB, Compressed Oops mode: Zero based, Oop shift amount: 3

CDS archive(s) mapped at: [0x0000000000000000-0x0000000000000000-0x0000000000000000), size 0, SharedBaseAddress: 0x0000000800000000, ArchiveRelocationMode: 1.
Narrow klass base: 0x0000000000000000, Narrow klass shift: 0, Narrow klass range: 0x0

GC Precious Log:
 CardTable entry size: 512
 Card Set container configuration: InlinePtr #cards 4 size 8 Array Of Cards #cards 16 size 48 Howl #buckets 8 coarsen threshold 3686 Howl Bitmap #cards 512 size 80 coarsen threshold 460 Card regions per heap region 1 cards per card region 4096

Heap:
 garbage-first heap   total 0K, used 0K [0x000000070a000000, 0x0000000800000000)
  region size 2048K, 0 young (0K), 0 survivors (0K)

[error occurred during error reporting (printing heap information), id 0xc0000005, EXCEPTION_ACCESS_VIOLATION (0xc0000005) at pc=0x00007fffee5647b9]
GC Heap History (0 events):
No events

Dll operation events (1 events):
Event: 0.009 Loaded shared library C:\Program Files\Java\jdk-20\bin\java.dll

Deoptimization events (0 events):
No events

Classes loaded (0 events):
No events

Classes unloaded (0 events):
No events

Classes redefined (0 events):
No events

Internal exceptions (0 events):
No events

VM Operations (0 events):
No events

Events (0 events):
No events


Dynamic libraries:
0x00007ff7fd1d0000 - 0x00007ff7fd1e0000 	C:\Program Files\Java\jdk-20\bin\javaw.exe
0x00007ff8ab8b0000 - 0x00007ff8abac7000 	C:\WINDOWS\SYSTEM32\ntdll.dll
0x00007ff8aa670000 - 0x00007ff8aa734000 	C:\WINDOWS\System32\KERNEL32.DLL
0x00007ff8a8f50000 - 0x00007ff8a92f5000 	C:\WINDOWS\System32\KERNELBASE.dll
0x00007ff8a94e0000 - 0x00007ff8a95f1000 	C:\WINDOWS\System32\ucrtbase.dll
0x00007ff8a5a00000 - 0x00007ff8a5a19000 	C:\Program Files\Java\jdk-20\bin\jli.dll
0x00007ff8a9720000 - 0x00007ff8a97d1000 	C:\WINDOWS\System32\ADVAPI32.dll
0x00007ff8aa890000 - 0x00007ff8aa937000 	C:\WINDOWS\System32\msvcrt.dll
0x00007ff8ab710000 - 0x00007ff8ab7b6000 	C:\WINDOWS\System32\sechost.dll
0x00007ff8aa390000 - 0x00007ff8aa4a7000 	C:\WINDOWS\System32\RPCRT4.dll
0x00007ff8ab560000 - 0x00007ff8ab70e000 	C:\WINDOWS\System32\USER32.dll
0x00007ff8a94b0000 - 0x00007ff8a94d6000 	C:\WINDOWS\System32\win32u.dll
0x00007ff8ab840000 - 0x00007ff8ab869000 	C:\WINDOWS\System32\GDI32.dll
0x00007ff8a8e30000 - 0x00007ff8a8f49000 	C:\WINDOWS\System32\gdi32full.dll
0x00007ff8a0d80000 - 0x00007ff8a0d9b000 	C:\Program Files\Java\jdk-20\bin\VCRUNTIME140.dll
0x00007ff8a8c20000 - 0x00007ff8a8cba000 	C:\WINDOWS\System32\msvcp_win.dll
0x00007ff886ca0000 - 0x00007ff886f33000 	C:\WINDOWS\WinSxS\amd64_microsoft.windows.common-controls_6595b64144ccf1df_6.0.22621.2506_none_270c5ae97388e100\COMCTL32.dll
0x00007ff89ddb0000 - 0x00007ff89ddba000 	C:\WINDOWS\SYSTEM32\VERSION.dll
0x00007ff8a97e0000 - 0x00007ff8a9811000 	C:\WINDOWS\System32\IMM32.DLL
0x00007ff8a5a50000 - 0x00007ff8a5a5c000 	C:\Program Files\Java\jdk-20\bin\vcruntime140_1.dll
0x00007ff8950b0000 - 0x00007ff89513e000 	C:\Program Files\Java\jdk-20\bin\msvcp140.dll
0x00007fffede50000 - 0x00007fffeeae8000 	C:\Program Files\Java\jdk-20\bin\server\jvm.dll
0x00007ff8a5900000 - 0x00007ff8a5934000 	C:\WINDOWS\SYSTEM32\WINMM.dll
0x00007ff8931f0000 - 0x00007ff8931f9000 	C:\WINDOWS\SYSTEM32\WSOCK32.dll
0x00007ff8ab4e0000 - 0x00007ff8ab551000 	C:\WINDOWS\System32\WS2_32.dll
0x00007ff8a7c20000 - 0x00007ff8a7c38000 	C:\WINDOWS\SYSTEM32\kernel.appcore.dll
0x00007ff8a3d50000 - 0x00007ff8a3d5a000 	C:\Program Files\Java\jdk-20\bin\jimage.dll
0x00007ff8a6220000 - 0x00007ff8a6453000 	C:\WINDOWS\SYSTEM32\DBGHELP.DLL
0x00007ff8a9830000 - 0x00007ff8a9bb9000 	C:\WINDOWS\System32\combase.dll
0x00007ff8aab10000 - 0x00007ff8aabe7000 	C:\WINDOWS\System32\OLEAUT32.dll
0x00007ff8a58c0000 - 0x00007ff8a58f2000 	C:\WINDOWS\SYSTEM32\dbgcore.DLL
0x00007ff8a9300000 - 0x00007ff8a937a000 	C:\WINDOWS\System32\bcryptPrimitives.dll
0x00007ff89e610000 - 0x00007ff89e636000 	C:\Program Files\Java\jdk-20\bin\java.dll

dbghelp: loaded successfully - version: 4.0.5 - missing functions: none
symbol engine: initialized successfully - sym options: 0x614 - pdb path: .;C:\Program Files\Java\jdk-20\bin;C:\WINDOWS\SYSTEM32;C:\WINDOWS\WinSxS\amd64_microsoft.windows.common-controls_6595b64144ccf1df_6.0.22621.2506_none_270c5ae97388e100;C:\Program Files\Java\jdk-20\bin\server

VM Arguments:
jvm_args: -Dfile.encoding=UTF-8 --module-path=C:\Users\Silentman\eclipse-workspace\sdaproj\bin;C:\Users\Silentman\Downloads\javafx-sdk-21.0.1\lib\javafx-swt.jar;C:\Users\Silentman\Downloads\javafx-sdk-21.0.1\lib\javafx.base.jar;C:\Users\Silentman\Downloads\javafx-sdk-21.0.1\lib\javafx.controls.jar;C:\Users\Silentman\Downloads\javafx-sdk-21.0.1\lib\javafx.fxml.jar;C:\Users\Silentman\Downloads\javafx-sdk-21.0.1\lib\javafx.graphics.jar;C:\Users\Silentman\Downloads\javafx-sdk-21.0.1\lib\javafx.media.jar;C:\Users\Silentman\Downloads\javafx-sdk-21.0.1\lib\javafx.swing.jar;C:\Users\Silentman\Downloads\javafx-sdk-21.0.1\lib\javafx.web.jar;C:\Users\Silentman\Desktop\desktop2\eclipse\plugins\org.eclipse.fx.ide.css.jfx8_3.10.0.202303150700.jar -XX:+ShowCodeDetailsInExceptionMessages -Djdk.module.main=sdaproj 
java_command: sdaproj/application.Main
java_class_path (initial): C:\Users\Silentman\eclipse-workspace\i210874_task1\sqljdbc_12.4\enu\jars\mssql-jdbc-12.4.2.jre11.jar
Launcher Type: SUN_STANDARD

[Global flags]
     intx CICompilerCount                          = 3                                         {product} {ergonomic}
     uint ConcGCThreads                            = 2                                         {product} {ergonomic}
     uint G1ConcRefinementThreads                  = 6                                         {product} {ergonomic}
   size_t G1HeapRegionSize                         = 2097152                                   {product} {ergonomic}
    uintx GCDrainStackTargetSize                   = 64                                        {product} {ergonomic}
   size_t InitialHeapSize                          = 257949696                                 {product} {ergonomic}
   size_t MarkStackSize                            = 4194304                                   {product} {ergonomic}
   size_t MaxHeapSize                              = 4127195136                                {product} {ergonomic}
   size_t MinHeapDeltaBytes                        = 2097152                                   {product} {ergonomic}
   size_t MinHeapSize                              = 8388608                                   {product} {ergonomic}
    uintx NonNMethodCodeHeapSize                   = 5832780                                {pd product} {ergonomic}
    uintx NonProfiledCodeHeapSize                  = 122912730                              {pd product} {ergonomic}
    uintx ProfiledCodeHeapSize                     = 122912730                              {pd product} {ergonomic}
    uintx ReservedCodeCacheSize                    = 251658240                              {pd product} {ergonomic}
     bool SegmentedCodeCache                       = true                                      {product} {ergonomic}
     bool ShowCodeDetailsInExceptionMessages       = true                                   {manageable} {command line}
   size_t SoftMaxHeapSize                          = 4127195136                             {manageable} {ergonomic}
     bool UseCompressedClassPointers               = true                           {product lp64_product} {ergonomic}
     bool UseCompressedOops                        = true                           {product lp64_product} {ergonomic}
     bool UseG1GC                                  = true                                      {product} {ergonomic}
     bool UseLargePagesIndividualAllocation        = false                                  {pd product} {ergonomic}

Logging:
Log output configuration:
 #0: stdout all=warning uptime,level,tags foldmultilines=false
 #1: stderr all=off uptime,level,tags foldmultilines=false

Environment Variables:
PATH=C:/Users/Silentman/Desktop/desktop2/eclipse//plugins/org.eclipse.justj.openjdk.hotspot.jre.full.win32.x86_64_17.0.9.v20231028-0858/jre/bin/server;C:/Users/Silentman/Desktop/desktop2/eclipse//plugins/org.eclipse.justj.openjdk.hotspot.jre.full.win32.x86_64_17.0.9.v20231028-0858/jre/bin;C:\Program Files\Eclipse Adoptium\jdk-21.0.1.12-hotspot\bin;C:\app\Silentman\product\21c\dbhomeXE\bin;C:\Program Files\Common Files\Oracle\Java\javapath;C:\Users\Silentman\Documents\opencv\build\x64\vc15\bin;C:\WINDOWS\system32;C:\WINDOWS;C:\WINDOWS\System32\Wbem;C:\WINDOWS\System32\WindowsPowerShell\v1.0\;C:\WINDOWS\System32\OpenSSH\;C:\Program Files\dotnet\;C:\Program Files\nodejs\;C:\Program Files\Git\cmd;C:\Program Files\Azure Data Studio\bin;C:\Program Files (x86)\Microsoft SQL Server\160\Tools\Binn\;C:\Program Files\Microsoft SQL Server\160\Tools\Binn\;C:\Program Files\Microsoft SQL Server\Client SDK\ODBC\170\Tools\Binn\;C:\Program Files\Microsoft SQL Server\160\DTS\Binn\;C:\Program Files (x86)\Microsoft SQL Server\160\DTS\Binn\;C:\Program Files\Microsoft SQL Server\130\Tools\Binn\;C:\Users\Silentman\AppData\Local\Programs\Python\Python310\Scripts\;C:\Users\Silentman\AppData\Local\Programs\Python\Python310\;C:\Users\Silentman\AppData\Local\Microsoft\WindowsApps;;C:\Users\Silentman\AppData\Local\Programs\Microsoft VS Code\bin;C:\Users\Silentman\AppData\Roaming\npm;C:\Program Files\Azure Data Studio\bin;C:\Users\Silentman\.dotnet\tools;C:\Users\Silentman\Desktop\desktop2\eclipse;
USERNAME=Silentman
OS=Windows_NT
PROCESSOR_IDENTIFIER=AMD64 Family 23 Model 96 Stepping 1, AuthenticAMD
TMP=C:\Users\SILENT~1\AppData\Local\Temp
TEMP=C:\Users\SILENT~1\AppData\Local\Temp




---------------  S Y S T E M  ---------------

OS:
 Windows 11 , 64 bit Build 22621 (10.0.22621.2506)
OS uptime: 4 days 19:44 hours

CPU: total 6 (initial active 6) (6 cores per cpu, 1 threads per core) family 23 model 96 stepping 1 microcode 0x0, cx8, cmov, fxsr, mmx, 3dnowpref, sse, sse2, sse3, ssse3, sse4a, sse4.1, sse4.2, popcnt, lzcnt, tsc, tscinvbit, avx, avx2, aes, clmul, bmi1, bmi2, adx, sha, fma, vzeroupper, clflush, clflushopt, rdtscp, rdpid, f16c

Memory: 4k page, system-wide physical 15737M (4159M free)
TotalPageFile size 23818M (AvailPageFile size 123M)
current process WorkingSet (physical memory assigned to process): 11M, peak: 11M
current process commit charge ("private bytes"): 56M, peak: 302M

vm_info: Java HotSpot(TM) 64-Bit Server VM (20.0.2+9-78) for windows-amd64 JRE (20.0.2+9-78), built on 2023-06-14T10:08:48Z by "mach5one" with MS VC++ 17.1 (VS2022)

END.
